<?xml version="1.0" encoding="UTF-8"?>
<Site BuildName="(empty)"
	BuildStamp="20230911-1946-Experimental"
	Name="(empty)"
	Generator="ctest-3.27.2"
	CompilerName=""
	CompilerVersion=""
	OSName="Linux"
	Hostname="ps"
	OSRelease="6.2.0-32-generic"
	OSVersion="#32~22.04.1-Ubuntu SMP PREEMPT_DYNAMIC Fri Aug 18 10:40:13 UTC 2"
	OSPlatform="x86_64"
	Is64Bits="1"
	VendorString="GenuineIntel"
	VendorID="Intel Corporation"
	FamilyID="6"
	ModelID="141"
	ProcessorCacheSize="18432"
	NumberOfLogicalCPU="12"
	NumberOfPhysicalCPU="6"
	TotalVirtualMemory="2047"
	TotalPhysicalMemory="15707"
	LogicalProcessorsPerPhysical="2"
	ProcessorClockFrequency="3539.99"
	>
	<Testing>
		<StartDateTime>Sep 12 01:16 IST</StartDateTime>
		<StartTestTime>1694461601</StartTestTime>
		<TestList/>
		<EndDateTime>Sep 12 01:16 IST</EndDateTime>
		<EndTestTime>1694461601</EndTestTime>
		<ElapsedMinutes>0</ElapsedMinutes>
	</Testing>
</Site>
