<?xml version="1.0" encoding="UTF-8"?>
<Site BuildName="(empty)"
	BuildStamp="20231006-1243-Experimental"
	Name="(empty)"
	Generator="ctest-3.27.2"
	CompilerName=""
	CompilerVersion=""
	OSName="Linux"
	Hostname="ps"
	OSRelease="6.2.0-33-generic"
	OSVersion="#33~22.04.1-Ubuntu SMP PREEMPT_DYNAMIC Thu Sep  7 10:33:52 UTC 2"
	OSPlatform="x86_64"
	Is64Bits="1"
	VendorString="GenuineIntel"
	VendorID="Intel Corporation"
	FamilyID="6"
	ModelID="141"
	ProcessorCacheSize="18432"
	NumberOfLogicalCPU="12"
	NumberOfPhysicalCPU="6"
	TotalVirtualMemory="2047"
	TotalPhysicalMemory="15723"
	LogicalProcessorsPerPhysical="2"
	ProcessorClockFrequency="4300"
	>
	<Testing>
		<StartDateTime>Oct 07 00:30 IST</StartDateTime>
		<StartTestTime>1696618857</StartTestTime>
		<TestList/>
		<EndDateTime>Oct 07 00:30 IST</EndDateTime>
		<EndTestTime>1696618857</EndTestTime>
		<ElapsedMinutes>0</ElapsedMinutes>
	</Testing>
</Site>
